This is LuaHBTeX, Version 1.15.0 (MiKTeX 22.3) (format=lualatex 2022.6.25)  30 JUL 2022 15:44
 restricted system commands enabled.
**Aula4-Array.tex
(./Aula4-Array.tex
LaTeX2e <2022-06-01> pre-release-0 (develop 2022-6-25 branch)
Lua module: luaotfload 2022-03-18 3.21 Lua based OpenType font support
Lua module: lualibs 2021-05-20 2.74 ConTeXt Lua standard libraries.
Lua module: lualibs-extended 2021-05-20 2.74 ConTeXt Lua libraries -- extended c
ollection.
luaotfload | conf : Root cache directory is "C:/Users/mathe/AppData/Local/MiKTeX
/luatex-cache/generic/names".
luaotfload | init : Loading fontloader "fontloader-2022-02-24.lua" from kpse-res
olved path "C:/Users/mathe/AppData/Local/Programs/MiKTeX/tex/luatex/luaotfload/f
ontloader-2022-02-24.lua".
Lua-only attribute luaotfload@noligature = 1
luaotfload | init : Context OpenType loader version 3.119
Inserting `luaotfload.node_processor' at position 1 in `pre_linebreak_filter'.
Inserting `luaotfload.node_processor' at position 1 in `hpack_filter'.
Inserting `luaotfload.glyph_stream' at position 1 in `glyph_stream_provider'.
Inserting `luaotfload.define_font' at position 1 in `define_font'.
Lua-only attribute luaotfload_color_attribute = 2
luaotfload | conf : Root cache directory is "C:/Users/mathe/AppData/Local/MiKTeX
/luatex-cache/generic/names".
Inserting `luaotfload.harf.strip_prefix' at position 1 in `find_opentype_file'.
Inserting `luaotfload.harf.strip_prefix' at position 1 in `find_truetype_file'.
Removing  `luaotfload.glyph_stream' from `glyph_stream_provider'.
Inserting `luaotfload.harf.glyphstream' at position 1 in `glyph_stream_provider'
.
Inserting `luaotfload.harf.finalize_vlist' at position 1 in `post_linebreak_filt
er'.
Inserting `luaotfload.harf.finalize_hlist' at position 2 in `hpack_filter'.
Inserting `luaotfload.cleanup_files' at position 1 in `wrapup_run'.
Inserting `luaotfload.harf.finalize_unicode' at position 1 in `finish_pdffile'.
Inserting `luaotfload.glyphinfo' at position 1 in `glyph_info'.
Lua-only attribute luaotfload.letterspace_done = 3
Inserting `luaotfload.aux.set_sscale_dimens' at position 1 in `luaotfload.patch_
font'.
Inserting `luaotfload.aux.set_font_index' at position 2 in `luaotfload.patch_fon
t'.
Inserting `luaotfload.aux.patch_cambria_domh' at position 3 in `luaotfload.patch
_font'.
Inserting `luaotfload.aux.fixup_fontdata' at position 1 in `luaotfload.patch_fon
t_unsafe'.
Inserting `luaotfload.aux.set_capheight' at position 4 in `luaotfload.patch_font
'.
Inserting `luaotfload.aux.set_xheight' at position 5 in `luaotfload.patch_font'.
Inserting `luaotfload.rewrite_fontname' at position 6 in `luaotfload.patch_font'
. L3 programming layer <2022-06-02>
Inserting `tracingstacklevels' at position 1 in `input_level_string'.
(C:/Users/mathe/AppData/Local/Programs/MiKTeX/tex/latex/beamer/beamer.cls
Document Class: beamer 2022/05/17 v3.67 A class for typesetting presentations

(C:/Users/mathe/AppData/Local/Programs/MiKTeX/tex/latex/beamer/beamerbasemodes.
sty
(C:/Users/mathe/AppData/Local/Programs/MiKTeX/tex/latex/etoolbox/etoolbox.sty
Package: etoolbox 2020/10/05 v2.5k e-TeX tools for LaTeX (JAW)
\etb@tempcnta=\count183
)
\beamer@tempbox=\box51
\beamer@tempcount=\count184
\c@beamerpauses=\count185

(C:/Users/mathe/AppData/Local/Programs/MiKTeX/tex/latex/beamer/beamerbasedecode
.sty
\beamer@slideinframe=\count186
\beamer@minimum=\count187
\beamer@decode@box=\box52
)
\beamer@commentbox=\box53
\beamer@modecount=\count188
)
(C:/Users/mathe/AppData/Local/Programs/MiKTeX/tex/generic/iftex/iftex.sty
Package: iftex 2022/02/03 v1.0f TeX engine tests
)
\headdp=\dimen137
\footheight=\dimen138
\sidebarheight=\dimen139
\beamer@tempdim=\dimen140
\beamer@finalheight=\dimen141
\beamer@animht=\dimen142
\beamer@animdp=\dimen143
\beamer@animwd=\dimen144
\beamer@leftmargin=\dimen145
\beamer@rightmargin=\dimen146
\beamer@leftsidebar=\dimen147
\beamer@rightsidebar=\dimen148
\beamer@boxsize=\dimen149
\beamer@vboxoffset=\dimen150
\beamer@descdefault=\dimen151
\beamer@descriptionwidth=\dimen152
\beamer@lastskip=\skip47
\beamer@areabox=\box54
\beamer@animcurrent=\box55
\beamer@animshowbox=\box56
\beamer@sectionbox=\box57
\beamer@logobox=\box58
\beamer@linebox=\box59
\beamer@sectioncount=\count189
\beamer@subsubsectionmax=\count190
\beamer@subsectionmax=\count191
\beamer@sectionmax=\count192
\beamer@totalheads=\count193
\beamer@headcounter=\count194
\beamer@partstartpage=\count195
\beamer@sectionstartpage=\count196
\beamer@subsectionstartpage=\count197
\beamer@animationtempa=\count198
\beamer@animationtempb=\count199
\beamer@xpos=\count266
\beamer@ypos=\count267
\beamer@ypos@offset=\count268
\beamer@showpartnumber=\count269
\beamer@currentsubsection=\count270
\beamer@coveringdepth=\count271
\beamer@sectionadjust=\count272
\beamer@toclastsection=\count273
\beamer@tocsectionnumber=\count274

(C:/Users/mathe/AppData/Local/Programs/MiKTeX/tex/latex/beamer/beamerbaseoption
s.sty
(C:/Users/mathe/AppData/Local/Programs/MiKTeX/tex/latex/graphics/keyval.sty
Package: keyval 2022/05/29 v1.15 key=value parser (DPC)
\KV@toks@=\toks16
))
\beamer@paperwidth=\skip48
\beamer@paperheight=\skip49

(C:/Users/mathe/AppData/Local/Programs/MiKTeX/tex/latex/geometry/geometry.sty
Package: geometry 2020/01/02 v5.9 Page Geometry

(C:/Users/mathe/AppData/Local/Programs/MiKTeX/tex/generic/iftex/ifvtex.sty
Package: ifvtex 2019/10/25 v1.7 ifvtex legacy package. Use iftex instead.
)
\Gm@cnth=\count275
\Gm@cntv=\count276
\c@Gm@tempcnt=\count277
\Gm@bindingoffset=\dimen153
\Gm@wd@mp=\dimen154
\Gm@odd@mp=\dimen155
\Gm@even@mp=\dimen156
\Gm@layoutwidth=\dimen157
\Gm@layoutheight=\dimen158
\Gm@layouthoffset=\dimen159
\Gm@layoutvoffset=\dimen160
\Gm@dimlist=\toks17

(C:/Users/mathe/AppData/Local/Programs/MiKTeX/tex/latex/geometry/geometry.cfg)) (C:/Users/mathe/AppData/Local/Programs/MiKTeX/tex/latex/pgf/math/pgfmath.sty
(C:/Users/mathe/AppData/Local/Programs/MiKTeX/tex/latex/pgf/utilities/pgfrcs.st
y
(C:/Users/mathe/AppData/Local/Programs/MiKTeX/tex/generic/pgf/utilities/pgfutil
-common.tex
\pgfutil@everybye=\toks18
\pgfutil@tempdima=\dimen161
\pgfutil@tempdimb=\dimen162

(C:/Users/mathe/AppData/Local/Programs/MiKTeX/tex/generic/pgf/utilities/pgfutil
-common-lists.tex))
(C:/Users/mathe/AppData/Local/Programs/MiKTeX/tex/generic/pgf/utilities/pgfutil
-latex.def
\pgfutil@abb=\box60
)
(C:/Users/mathe/AppData/Local/Programs/MiKTeX/tex/generic/pgf/utilities/pgfrcs.
code.tex
(C:/Users/mathe/AppData/Local/Programs/MiKTeX/tex/generic/pgf/pgf.revision.tex)
Package: pgfrcs 2021/05/15 v3.1.9a (3.1.9a)
))
(C:/Users/mathe/AppData/Local/Programs/MiKTeX/tex/latex/pgf/utilities/pgfkeys.s
ty
(C:/Users/mathe/AppData/Local/Programs/MiKTeX/tex/generic/pgf/utilities/pgfkeys
.code.tex
\pgfkeys@pathtoks=\toks19
\pgfkeys@temptoks=\toks20

(C:/Users/mathe/AppData/Local/Programs/MiKTeX/tex/generic/pgf/utilities/pgfkeys
filtered.code.tex
\pgfkeys@tmptoks=\toks21
)))
(C:/Users/mathe/AppData/Local/Programs/MiKTeX/tex/generic/pgf/math/pgfmath.code
.tex
(C:/Users/mathe/AppData/Local/Programs/MiKTeX/tex/generic/pgf/math/pgfmathcalc.
code.tex
(C:/Users/mathe/AppData/Local/Programs/MiKTeX/tex/generic/pgf/math/pgfmathutil.
code.tex
\pgf@x=\dimen163
\pgf@xa=\dimen164
\pgf@xb=\dimen165
\pgf@xc=\dimen166
\pgf@y=\dimen167
\pgf@ya=\dimen168
\pgf@yb=\dimen169
\pgf@yc=\dimen170
\c@pgf@counta=\count278
\c@pgf@countb=\count279
\c@pgf@countc=\count280
\c@pgf@countd=\count281
)
(C:/Users/mathe/AppData/Local/Programs/MiKTeX/tex/generic/pgf/math/pgfmathparse
r.code.tex
\pgfmath@dimen=\dimen171
\pgfmath@count=\count282
\pgfmath@box=\box61
\pgfmath@toks=\toks22
\pgfmath@stack@operand=\toks23
\pgfmath@stack@operation=\toks24
)
(C:/Users/mathe/AppData/Local/Programs/MiKTeX/tex/generic/pgf/math/pgfmathfunct
ions.code.tex
(C:/Users/mathe/AppData/Local/Programs/MiKTeX/tex/generic/pgf/math/pgfmathfunct
ions.basic.code.tex)
(C:/Users/mathe/AppData/Local/Programs/MiKTeX/tex/generic/pgf/math/pgfmathfunct
ions.trigonometric.code.tex)
(C:/Users/mathe/AppData/Local/Programs/MiKTeX/tex/generic/pgf/math/pgfmathfunct
ions.random.code.tex)
(C:/Users/mathe/AppData/Local/Programs/MiKTeX/tex/generic/pgf/math/pgfmathfunct
ions.comparison.code.tex)
(C:/Users/mathe/AppData/Local/Programs